#
# There is insufficient memory for the Java Runtime Environment to continue.
# Native memory allocation (malloc) failed to allocate 32744 bytes for ChunkPool::allocate
# Possible reasons:
#   The system is out of physical RAM or swap space
#   In 32 bit mode, the process size limit was hit
# Possible solutions:
#   Reduce memory load on the system
#   Increase physical memory or swap space
#   Check if swap backing store is full
#   Use 64 bit Java on a 64 bit OS
#   Decrease Java heap size (-Xmx/-Xms)
#   Decrease number of Java threads
#   Decrease Java thread stack sizes (-Xss)
#   Set larger code cache with -XX:ReservedCodeCacheSize=
# This output file may be truncated or incomplete.
#
#  Out of Memory Error (allocation.cpp:273), pid=11356, tid=8688
#
# JRE version: Java(TM) SE Runtime Environment (8.0_91-b15) (build 1.8.0_91-b15)
# Java VM: Java HotSpot(TM) 64-Bit Server VM (25.91-b15 mixed mode windows-amd64 compressed oops)
# Failed to write core dump. Minidumps are not enabled by default on client versions of Windows
#

---------------  T H R E A D  ---------------

Current thread (0x0000000015101800):  JavaThread "C2 CompilerThread0" daemon [_thread_in_native, id=8688, stack(0x0000000016d00000,0x0000000016e00000)]

Stack: [0x0000000016d00000,0x0000000016e00000]
[error occurred during error reporting (printing stack bounds), id 0xc0000005]

Native frames: (J=compiled Java code, j=interpreted, Vv=VM code, C=native code)


Current CompileTask:
C2:   8436 2612       4       org.springframework.asm.ClassReader::accept (1164 bytes)


---------------  P R O C E S S  ---------------

Java Threads: ( => current thread )
  0x00000000164b5000 JavaThread "Service Thread" daemon [_thread_blocked, id=11616, stack(0x0000000017000000,0x0000000017100000)]
  0x000000001510b000 JavaThread "C1 CompilerThread2" daemon [_thread_blocked, id=8488, stack(0x0000000016f00000,0x0000000017000000)]
  0x0000000015105800 JavaThread "C2 CompilerThread1" daemon [_thread_in_native, id=12156, stack(0x0000000016e00000,0x0000000016f00000)]
=>0x0000000015101800 JavaThread "C2 CompilerThread0" daemon [_thread_in_native, id=8688, stack(0x0000000016d00000,0x0000000016e00000)]
  0x00000000150f4000 JavaThread "JDWP Command Reader" daemon [_thread_in_native, id=10080, stack(0x0000000016c00000,0x0000000016d00000)]
  0x00000000150f1000 JavaThread "JDWP Event Helper Thread" daemon [_thread_blocked, id=10744, stack(0x0000000016b00000,0x0000000016c00000)]
  0x00000000150e6000 JavaThread "JDWP Transport Listener: dt_socket" daemon [_thread_blocked, id=3968, stack(0x0000000016a00000,0x0000000016b00000)]
  0x00000000150c4000 JavaThread "Attach Listener" daemon [_thread_blocked, id=2564, stack(0x0000000016900000,0x0000000016a00000)]
  0x00000000150c3000 JavaThread "Signal Dispatcher" daemon [_thread_blocked, id=11516, stack(0x0000000016800000,0x0000000016900000)]
  0x000000001509a000 JavaThread "Finalizer" daemon [_thread_blocked, id=10864, stack(0x0000000016300000,0x0000000016400000)]
  0x0000000002ab3800 JavaThread "Reference Handler" daemon [_thread_blocked, id=7524, stack(0x0000000016200000,0x0000000016300000)]
  0x00000000029c5000 JavaThread "main" [_thread_in_vm, id=10792, stack(0x00000000028c0000,0x00000000029c0000)]

Other Threads:
  0x0000000015078800 VMThread [stack: 0x0000000016100000,0x0000000016200000] [id=11520]
  0x0000000016518000 WatcherThread [stack: 0x0000000017100000,0x0000000017200000] [id=9420]

VM state:not at safepoint (normal execution)

VM Mutex/Monitor currently owned by a thread: None

Heap:
 PSYoungGen      total 188928K, used 19707K [0x00000000eb300000, 0x00000000f9400000, 0x0000000100000000)
  eden space 179200K, 5% used [0x00000000eb300000,0x00000000ebcf9ca8,0x00000000f6200000)
  from space 9728K, 97% used [0x00000000f8a80000,0x00000000f93c5280,0x00000000f9400000)
  to   space 11776K, 0% used [0x00000000f7d00000,0x00000000f7d00000,0x00000000f8880000)
 ParOldGen       total 37888K, used 10172K [0x00000000c1800000, 0x00000000c3d00000, 0x00000000eb300000)
  object space 37888K, 26% used [0x00000000c1800000,0x00000000c21ef298,0x00000000c3d00000)
 Metaspace       used 27834K, capacity 28168K, committed 28464K, reserved 1075200K
  class space    used 3432K, capacity 3545K, committed 3632K, reserved 1048576K

Card table byte_map: [0x0000000011e80000,0x0000000012080000] byte_map_base: 0x0000000011874000

Marking Bits: (ParMarkBitMap*) 0x0000000059282f70
 Begin Bits: [0x00000000125d0000, 0x0000000013570000)
 End Bits:   [0x0000000013570000, 0x0000000014510000)

Polling page: 0x00000000009e0000

CodeCache: size=245760Kb used=10460Kb max_used=10697Kb free=235299Kb
 bounds [0x0000000002ac0000, 0x0000000003540000, 0x0000000011ac0000]
 total_blobs=3175 nmethods=2792 adapters=303
 compilation: enabled

Compilation events (10 events):
Event: 8.341 Thread 0x000000001510b000 3121       2       java.util.logging.LogManager$LoggerContext::ensureDefaultLogger (70 bytes)
Event: 8.342 Thread 0x000000001510b000 nmethod 3121 0x00000000032d2290 code [0x00000000032d2420, 0x00000000032d26a8]
Event: 8.355 Thread 0x000000001510b000 3122       1       java.util.ResourceBundle$CacheKey::getLocale (5 bytes)
Event: 8.355 Thread 0x000000001510b000 nmethod 3122 0x00000000032d1fd0 code [0x00000000032d2120, 0x00000000032d2230]
Event: 8.356 Thread 0x000000001510b000 3123       2       java.util.Locale::getLanguage (8 bytes)
Event: 8.356 Thread 0x000000001510b000 nmethod 3123 0x00000000032d1c90 code [0x00000000032d1de0, 0x00000000032d1f30]
Event: 8.356 Thread 0x000000001510b000 3124       2       java.util.Locale::getCountry (8 bytes)
Event: 8.356 Thread 0x000000001510b000 nmethod 3124 0x00000000032d1950 code [0x00000000032d1aa0, 0x00000000032d1bf0]
Event: 8.356 Thread 0x000000001510b000 3125       1       sun.util.locale.BaseLocale::getScript (5 bytes)
Event: 8.356 Thread 0x000000001510b000 nmethod 3125 0x00000000032d1690 code [0x00000000032d17e0, 0x00000000032d18f0]

GC Heap History (10 events):
Event: 4.263 GC heap before
{Heap before GC invocations=7 (full 0):
 PSYoungGen      total 73216K, used 69575K [0x00000000eb300000, 0x00000000f0300000, 0x0000000100000000)
  eden space 65536K, 100% used [0x00000000eb300000,0x00000000ef300000,0x00000000ef300000)
  from space 7680K, 52% used [0x00000000efb80000,0x00000000eff71fa0,0x00000000f0300000)
  to   space 8192K, 0% used [0x00000000ef300000,0x00000000ef300000,0x00000000efb00000)
 ParOldGen       total 44032K, used 12803K [0x00000000c1800000, 0x00000000c4300000, 0x00000000eb300000)
  object space 44032K, 29% used [0x00000000c1800000,0x00000000c2480da8,0x00000000c4300000)
 Metaspace       used 20520K, capacity 20808K, committed 20992K, reserved 1067008K
  class space    used 2463K, capacity 2537K, committed 2560K, reserved 1048576K
Event: 4.285 GC heap after
Heap after GC invocations=7 (full 0):
 PSYoungGen      total 73728K, used 8191K [0x00000000eb300000, 0x00000000f4700000, 0x0000000100000000)
  eden space 65536K, 0% used [0x00000000eb300000,0x00000000eb300000,0x00000000ef300000)
  from space 8192K, 99% used [0x00000000ef300000,0x00000000efaffc78,0x00000000efb00000)
  to   space 10240K, 0% used [0x00000000f3d00000,0x00000000f3d00000,0x00000000f4700000)
 ParOldGen       total 44032K, used 14823K [0x00000000c1800000, 0x00000000c4300000, 0x00000000eb300000)
  object space 44032K, 33% used [0x00000000c1800000,0x00000000c2679fe8,0x00000000c4300000)
 Metaspace       used 20520K, capacity 20808K, committed 20992K, reserved 1067008K
  class space    used 2463K, capacity 2537K, committed 2560K, reserved 1048576K
}
Event: 5.267 GC heap before
{Heap before GC invocations=8 (full 0):
 PSYoungGen      total 73728K, used 73727K [0x00000000eb300000, 0x00000000f4700000, 0x0000000100000000)
  eden space 65536K, 100% used [0x00000000eb300000,0x00000000ef300000,0x00000000ef300000)
  from space 8192K, 99% used [0x00000000ef300000,0x00000000efaffc78,0x00000000efb00000)
  to   space 10240K, 0% used [0x00000000f3d00000,0x00000000f3d00000,0x00000000f4700000)
 ParOldGen       total 44032K, used 14823K [0x00000000c1800000, 0x00000000c4300000, 0x00000000eb300000)
  object space 44032K, 33% used [0x00000000c1800000,0x00000000c2679fe8,0x00000000c4300000)
 Metaspace       used 20777K, capacity 21114K, committed 21296K, reserved 1069056K
  class space    used 2489K, capacity 2572K, committed 2608K, reserved 1048576K
Event: 5.284 GC heap after
Heap after GC invocations=8 (full 0):
 PSYoungGen      total 141312K, used 6949K [0x00000000eb300000, 0x00000000f4700000, 0x0000000100000000)
  eden space 131072K, 0% used [0x00000000eb300000,0x00000000eb300000,0x00000000f3300000)
  from space 10240K, 67% used [0x00000000f3d00000,0x00000000f43c9628,0x00000000f4700000)
  to   space 10240K, 0% used [0x00000000f3300000,0x00000000f3300000,0x00000000f3d00000)
 ParOldGen       total 44032K, used 15366K [0x00000000c1800000, 0x00000000c4300000, 0x00000000eb300000)
  object space 44032K, 34% used [0x00000000c1800000,0x00000000c2701838,0x00000000c4300000)
 Metaspace       used 20777K, capacity 21114K, committed 21296K, reserved 1069056K
  class space    used 2489K, capacity 2572K, committed 2608K, reserved 1048576K
}
Event: 5.466 GC heap before
{Heap before GC invocations=9 (full 0):
 PSYoungGen      total 141312K, used 33424K [0x00000000eb300000, 0x00000000f4700000, 0x0000000100000000)
  eden space 131072K, 20% used [0x00000000eb300000,0x00000000eccdaa40,0x00000000f3300000)
  from space 10240K, 67% used [0x00000000f3d00000,0x00000000f43c9628,0x00000000f4700000)
  to   space 10240K, 0% used [0x00000000f3300000,0x00000000f3300000,0x00000000f3d00000)
 ParOldGen       total 44032K, used 15366K [0x00000000c1800000, 0x00000000c4300000, 0x00000000eb300000)
  object space 44032K, 34% used [0x00000000c1800000,0x00000000c2701838,0x00000000c4300000)
 Metaspace       used 20845K, capacity 21114K, committed 21296K, reserved 1069056K
  class space    used 2493K, capacity 2572K, committed 2608K, reserved 1048576K
Event: 5.476 GC heap after
Heap after GC invocations=9 (full 0):
 PSYoungGen      total 141312K, used 1120K [0x00000000eb300000, 0x00000000f9500000, 0x0000000100000000)
  eden space 131072K, 0% used [0x00000000eb300000,0x00000000eb300000,0x00000000f3300000)
  from space 10240K, 10% used [0x00000000f3300000,0x00000000f3418000,0x00000000f3d00000)
  to   space 10752K, 0% used [0x00000000f8a80000,0x00000000f8a80000,0x00000000f9500000)
 ParOldGen       total 44032K, used 17145K [0x00000000c1800000, 0x00000000c4300000, 0x00000000eb300000)
  object space 44032K, 38% used [0x00000000c1800000,0x00000000c28be440,0x00000000c4300000)
 Metaspace       used 20845K, capacity 21114K, committed 21296K, reserved 1069056K
  class space    used 2493K, capacity 2572K, committed 2608K, reserved 1048576K
}
Event: 5.476 GC heap before
{Heap before GC invocations=10 (full 1):
 PSYoungGen      total 141312K, used 1120K [0x00000000eb300000, 0x00000000f9500000, 0x0000000100000000)
  eden space 131072K, 0% used [0x00000000eb300000,0x00000000eb300000,0x00000000f3300000)
  from space 10240K, 10% used [0x00000000f3300000,0x00000000f3418000,0x00000000f3d00000)
  to   space 10752K, 0% used [0x00000000f8a80000,0x00000000f8a80000,0x00000000f9500000)
 ParOldGen       total 44032K, used 17145K [0x00000000c1800000, 0x00000000c4300000, 0x00000000eb300000)
  object space 44032K, 38% used [0x00000000c1800000,0x00000000c28be440,0x00000000c4300000)
 Metaspace       used 20845K, capacity 21114K, committed 21296K, reserved 1069056K
  class space    used 2493K, capacity 2572K, committed 2608K, reserved 1048576K
Event: 5.551 GC heap after
Heap after GC invocations=10 (full 1):
 PSYoungGen      total 141312K, used 0K [0x00000000eb300000, 0x00000000f9500000, 0x0000000100000000)
  eden space 131072K, 0% used [0x00000000eb300000,0x00000000eb300000,0x00000000f3300000)
  from space 10240K, 0% used [0x00000000f3300000,0x00000000f3300000,0x00000000f3d00000)
  to   space 10752K, 0% used [0x00000000f8a80000,0x00000000f8a80000,0x00000000f9500000)
 ParOldGen       total 37888K, used 10164K [0x00000000c1800000, 0x00000000c3d00000, 0x00000000eb300000)
  object space 37888K, 26% used [0x00000000c1800000,0x00000000c21ed298,0x00000000c3d00000)
 Metaspace       used 20845K, capacity 21114K, committed 21296K, reserved 1069056K
  class space    used 2493K, capacity 2572K, committed 2608K, reserved 1048576K
}
Event: 7.894 GC heap before
{Heap before GC invocations=11 (full 1):
 PSYoungGen      total 141312K, used 131072K [0x00000000eb300000, 0x00000000f9500000, 0x0000000100000000)
  eden space 131072K, 100% used [0x00000000eb300000,0x00000000f3300000,0x00000000f3300000)
  from space 10240K, 0% used [0x00000000f3300000,0x00000000f3300000,0x00000000f3d00000)
  to   space 10752K, 0% used [0x00000000f8a80000,0x00000000f8a80000,0x00000000f9500000)
 ParOldGen       total 37888K, used 10164K [0x00000000c1800000, 0x00000000c3d00000, 0x00000000eb300000)
  object space 37888K, 26% used [0x00000000c1800000,0x00000000c21ed298,0x00000000c3d00000)
 Metaspace       used 26879K, capacity 27208K, committed 27568K, reserved 1073152K
  class space    used 3326K, capacity 3417K, committed 3504K, reserved 1048576K
Event: 7.913 GC heap after
Heap after GC invocations=11 (full 1):
 PSYoungGen      total 188928K, used 9492K [0x00000000eb300000, 0x00000000f9400000, 0x0000000100000000)
  eden space 179200K, 0% used [0x00000000eb300000,0x00000000eb300000,0x00000000f6200000)
  from space 9728K, 97% used [0x00000000f8a80000,0x00000000f93c5280,0x00000000f9400000)
  to   space 11776K, 0% used [0x00000000f7d00000,0x00000000f7d00000,0x00000000f8880000)
 ParOldGen       total 37888K, used 10172K [0x00000000c1800000, 0x00000000c3d00000, 0x00000000eb300000)
  object space 37888K, 26% used [0x00000000c1800000,0x00000000c21ef298,0x00000000c3d00000)
 Metaspace       used 26879K, capacity 27208K, committed 27568K, reserved 1073152K
  class space    used 3326K, capacity 3417K, committed 3504K, reserved 1048576K
}

Deoptimization events (10 events):
Event: 8.390 Thread 0x00000000029c5000 Uncommon trap: reason=unhandled action=none pc=0x00000000031cab84 method=java.net.URLClassLoader.findClass(Ljava/lang/String;)Ljava/lang/Class; @ 44
Event: 8.402 Thread 0x00000000029c5000 Uncommon trap: reason=unhandled action=none pc=0x00000000031cab84 method=java.net.URLClassLoader.findClass(Ljava/lang/String;)Ljava/lang/Class; @ 44
Event: 8.402 Thread 0x00000000029c5000 Uncommon trap: reason=unhandled action=none pc=0x00000000031cab84 method=java.net.URLClassLoader.findClass(Ljava/lang/String;)Ljava/lang/Class; @ 44
Event: 8.405 Thread 0x00000000029c5000 Uncommon trap: reason=unhandled action=none pc=0x00000000031cab84 method=java.net.URLClassLoader.findClass(Ljava/lang/String;)Ljava/lang/Class; @ 44
Event: 8.410 Thread 0x00000000029c5000 Uncommon trap: reason=unhandled action=none pc=0x00000000031cab84 method=java.net.URLClassLoader.findClass(Ljava/lang/String;)Ljava/lang/Class; @ 44
Event: 8.411 Thread 0x00000000029c5000 Uncommon trap: reason=unhandled action=none pc=0x00000000031cab84 method=java.net.URLClassLoader.findClass(Ljava/lang/String;)Ljava/lang/Class; @ 44
Event: 8.412 Thread 0x00000000029c5000 Uncommon trap: reason=unhandled action=none pc=0x00000000031cab84 method=java.net.URLClassLoader.findClass(Ljava/lang/String;)Ljava/lang/Class; @ 44
Event: 8.414 Thread 0x00000000029c5000 Uncommon trap: reason=unhandled action=none pc=0x00000000031cab84 method=java.net.URLClassLoader.findClass(Ljava/lang/String;)Ljava/lang/Class; @ 44
Event: 8.415 Thread 0x00000000029c5000 Uncommon trap: reason=unhandled action=none pc=0x00000000031cab84 method=java.net.URLClassLoader.findClass(Ljava/lang/String;)Ljava/lang/Class; @ 44
Event: 8.416 Thread 0x00000000029c5000 Uncommon trap: reason=unhandled action=none pc=0x00000000031cab84 method=java.net.URLClassLoader.findClass(Ljava/lang/String;)Ljava/lang/Class; @ 44

Internal exceptions (10 events):
Event: 7.849 Thread 0x00000000029c5000 Exception <a 'java/lang/ClassNotFoundException': java/lang/ObjectCustomizer> (0x00000000f3202778) thrown at [C:\re\workspace\8-2-build-windows-amd64-cygwin\jdk8u91\7017\hotspot\src\share\vm\classfile\systemDictionary.cpp, line 210]
Event: 7.850 Thread 0x00000000029c5000 Exception <a 'java/lang/ClassNotFoundException': org/springframework/boot/autoconfigure/web/DefaultErrorViewResolverCustomizer> (0x00000000f321b678) thrown at [C:\re\workspace\8-2-build-windows-amd64-cygwin\jdk8u91\7017\hotspot\src\share\vm\classfile\systezHÕf@
Event: 7.850 Thread 0x00000000029c5000 Exception <a 'java/lang/ArrayIndexOutOfBoundsException': 177> (0x00000000f321ed30) thrown at [C:\re\workspace\8-2-build-windows-amd64-cygwin\jdk8u91\7017\hotspot\src\share\vm\interpreter\interpreterRuntime.cpp, line 366]
Event: 7.851 Thread 0x00000000029c5000 Exception <a 'java/lang/ClassNotFoundException': org/springframework/boot/autoconfigure/web/ErrorViewResolverCustomizer> (0x00000000f3237268) thrown at [C:\re\workspace\8-2-build-windows-amd64-cygwin\jdk8u91\7017\hotspot\src\share\vm\classfile\systemDictioXÓˆãñg@
Event: 7.852 Thread 0x00000000029c5000 Exception <a 'java/lang/ArrayIndexOutOfBoundsException': 177> (0x00000000f3239490) thrown at [C:\re\workspace\8-2-build-windows-amd64-cygwin\jdk8u91\7017\hotspot\src\share\vm\interpreter\interpreterRuntime.cpp, line 366]
Event: 7.852 Thread 0x00000000029c5000 Exception <a 'java/lang/ClassNotFoundException': org/springframework/core/OrderedCustomizer> (0x00000000f3248b98) thrown at [C:\re\workspace\8-2-build-windows-amd64-cygwin\jdk8u91\7017\hotspot\src\share\vm\classfile\systemDictionary.cpp, line 210]
Event: 7.860 Thread 0x00000000029c5000 Exception <a 'java/lang/ClassNotFoundException': java/lang/ObjectCustomizer> (0x00000000f3281868) thrown at [C:\re\workspace\8-2-build-windows-amd64-cygwin\jdk8u91\7017\hotspot\src\share\vm\classfile\systemDictionary.cpp, line 210]
Event: 7.861 Thread 0x00000000029c5000 Exception <a 'java/lang/ClassNotFoundException': org/springframework/boot/autoconfigure/web/ErrorMvcAutoConfiguration$ErrorPageCustomizerCustomizer> (0x00000000f329d880) thrown at [C:\re\workspace\8-2-build-windows-amd64-cygwin\jdk8u91\7017\hotspot\src\sha
Event: 7.862 Thread 0x00000000029c5000 Exception <a 'java/lang/ClassNotFoundException': org/springframework/boot/web/servlet/ErrorPageRegistrarCustomizer> (0x00000000f32b3f08) thrown at [C:\re\workspace\8-2-build-windows-amd64-cygwin\jdk8u91\7017\hotspot\src\share\vm\classfile\systemDictionary.8ÃœêÑs@
Event: 7.863 Thread 0x00000000029c5000 Exception <a 'java/lang/ClassNotFoundException': org/springframework/core/OrderedCustomizer> (0x00000000f32c20f8) thrown at [C:\re\workspace\8-2-build-windows-amd64-cygwin\jdk8u91\7017\hotspot\src\share\vm\classfile\systemDictionary.cpp, line 210]

Events (10 events):
Event: 8.415 loading class org/apache/tomcat/util/descriptor/web/ApplicationParameter
Event: 8.415 loading class org/apache/tomcat/util/descriptor/web/ApplicationParameter done
Event: 8.415 Thread 0x00000000029c5000 Uncommon trap: trap_request=0xffffffa7 fr.pc=0x00000000031cab84
Event: 8.415 Thread 0x00000000029c5000 DEOPT PACKING pc=0x00000000031cab84 sp=0x00000000029bdc20
Event: 8.415 Thread 0x00000000029c5000 DEOPT UNPACKING pc=0x0000000002b0582a sp=0x00000000029bdb18 mode 2
Event: 8.416 loading class org/apache/tomcat/util/descriptor/web/SecurityConstraint
Event: 8.416 loading class org/apache/tomcat/util/descriptor/web/SecurityConstraint done
Event: 8.416 Thread 0x00000000029c5000 Uncommon trap: trap_request=0xffffffa7 fr.pc=0x00000000031cab84
Event: 8.416 Thread 0x00000000029c5000 DEOPT PACKING pc=0x00000000031cab84 sp=0x00000000029bdc20
Event: 8.416 Thread 0x00000000029c5000 DEOPT UNPACKING pc=0x0000000002b0582a sp=0x00000000029bdb18 mode 2


Dynamic libraries:
0x00007ff6212e0000 - 0x00007ff621317000 	D:\Program Files\Java\jdk1.8.0_91\bin\javaw.exe
0x00007ff9c9cf0000 - 0x00007ff9c9eb1000 	C:\WINDOWS\SYSTEM32\ntdll.dll
0x00007ff9c7a70000 - 0x00007ff9c7b1d000 	C:\WINDOWS\system32\KERNEL32.DLL
0x00007ff9c6240000 - 0x00007ff9c6428000 	C:\WINDOWS\system32\KERNELBASE.dll
0x00007ff9c9c40000 - 0x00007ff9c9ce7000 	C:\WINDOWS\system32\ADVAPI32.dll
0x00007ff9c74d0000 - 0x00007ff9c756d000 	C:\WINDOWS\system32\msvcrt.dll
0x00007ff9c7240000 - 0x00007ff9c729b000 	C:\WINDOWS\system32\sechost.dll
0x00007ff9c9990000 - 0x00007ff9c9aac000 	C:\WINDOWS\system32\RPCRT4.dll
0x00007ff9c90f0000 - 0x00007ff9c9246000 	C:\WINDOWS\system32\USER32.dll
0x00007ff9c9ab0000 - 0x00007ff9c9c36000 	C:\WINDOWS\system32\GDI32.dll
0x00007ff9a9f30000 - 0x00007ff9aa1a4000 	C:\WINDOWS\WinSxS\amd64_microsoft.windows.common-controls_6595b64144ccf1df_6.0.10586.494_none_a2d8b04ea53e3145\COMCTL32.dll
0x00007ff9c77d0000 - 0x00007ff9c7a4d000 	C:\WINDOWS\system32\combase.dll
0x00007ff9c6c90000 - 0x00007ff9c6cfa000 	C:\WINDOWS\system32\bcryptPrimitives.dll
0x00007ff9c93c0000 - 0x00007ff9c93fb000 	C:\WINDOWS\system32\IMM32.DLL
0x00000000588b0000 - 0x0000000058982000 	D:\Program Files\Java\jdk1.8.0_91\jre\bin\msvcr100.dll
0x0000000058a70000 - 0x0000000059303000 	D:\Program Files\Java\jdk1.8.0_91\jre\bin\server\jvm.dll
0x00007ff9c6d00000 - 0x00007ff9c6d23000 	C:\WINDOWS\system32\WINMM.dll
0x00007ff99fa20000 - 0x00007ff99fa29000 	C:\WINDOWS\SYSTEM32\WSOCK32.dll
0x00007ff9c6100000 - 0x00007ff9c612c000 	C:\WINDOWS\system32\WINMMBASE.dll
0x00007ff9c9080000 - 0x00007ff9c90eb000 	C:\WINDOWS\system32\WS2_32.dll
0x00007ff9c64e0000 - 0x00007ff9c6523000 	C:\WINDOWS\system32\cfgmgr32.dll
0x00007ff9c6f30000 - 0x00007ff9c6f38000 	C:\WINDOWS\system32\PSAPI.DLL
0x00007ff9b8ab0000 - 0x00007ff9b8aba000 	C:\WINDOWS\SYSTEM32\VERSION.dll
0x0000000058a60000 - 0x0000000058a6f000 	D:\Program Files\Java\jdk1.8.0_91\jre\bin\verify.dll
0x0000000058a30000 - 0x0000000058a59000 	D:\Program Files\Java\jdk1.8.0_91\jre\bin\java.dll
0x0000000058870000 - 0x00000000588a5000 	D:\Program Files\Java\jdk1.8.0_91\jre\bin\jdwp.dll
0x0000000058860000 - 0x0000000058868000 	D:\Program Files\Java\jdk1.8.0_91\jre\bin\npt.dll
0x0000000058a10000 - 0x0000000058a26000 	D:\Program Files\Java\jdk1.8.0_91\jre\bin\zip.dll
0x00007ff9c7b20000 - 0x00007ff9c907c000 	C:\WINDOWS\system32\SHELL32.dll
0x00007ff9c6580000 - 0x00007ff9c6bc5000 	C:\WINDOWS\system32\windows.storage.dll
0x00007ff9c72a0000 - 0x00007ff9c72f2000 	C:\WINDOWS\system32\shlwapi.dll
0x00007ff9c6130000 - 0x00007ff9c613f000 	C:\WINDOWS\system32\kernel.appcore.dll
0x00007ff9c6bd0000 - 0x00007ff9c6c85000 	C:\WINDOWS\system32\shcore.dll
0x00007ff9c6530000 - 0x00007ff9c657b000 	C:\WINDOWS\system32\powrprof.dll
0x00007ff9c60e0000 - 0x00007ff9c60f4000 	C:\WINDOWS\system32\profapi.dll
0x0000000058850000 - 0x0000000058859000 	D:\Program Files\Java\jdk1.8.0_91\jre\bin\dt_socket.dll
0x00007ff99adb0000 - 0x00007ff99adc6000 	C:\WINDOWS\system32\napinsp.dll
0x00007ff99add0000 - 0x00007ff99adea000 	C:\WINDOWS\system32\pnrpnsp.dll
0x00007ff9c3490000 - 0x00007ff9c34a8000 	C:\WINDOWS\system32\NLAapi.dll
0x00007ff9c59b0000 - 0x00007ff9c5a0c000 	C:\WINDOWS\System32\mswsock.dll
0x00007ff9c4b00000 - 0x00007ff9c4baa000 	C:\WINDOWS\SYSTEM32\DNSAPI.dll
0x00007ff9c92b0000 - 0x00007ff9c92b8000 	C:\WINDOWS\system32\NSI.dll
0x00007ff99f190000 - 0x00007ff99f19d000 	C:\WINDOWS\System32\winrnr.dll
0x00007ff9aca40000 - 0x00007ff9aca55000 	C:\WINDOWS\System32\wshbth.dll
0x00007ff9bcc50000 - 0x00007ff9bccb7000 	C:\WINDOWS\System32\fwpuclnt.dll
0x00007ff9c6010000 - 0x00007ff9c6039000 	C:\WINDOWS\SYSTEM32\bcrypt.dll
0x00007ff9b7c10000 - 0x00007ff9b7c1a000 	C:\Windows\System32\rasadhlp.dll
0x0000000058840000 - 0x000000005884d000 	D:\Program Files\Java\jdk1.8.0_91\jre\bin\management.dll
0x00000000589f0000 - 0x0000000058a0a000 	D:\Program Files\Java\jdk1.8.0_91\jre\bin\net.dll
0x00007ff9bef70000 - 0x00007ff9befa8000 	C:\WINDOWS\SYSTEM32\IPHLPAPI.DLL
0x00000000589d0000 - 0x00000000589e1000 	D:\Program Files\Java\jdk1.8.0_91\jre\bin\nio.dll
0x00007ff9c5a60000 - 0x00007ff9c5a77000 	C:\WINDOWS\SYSTEM32\CRYPTSP.dll
0x00007ff9c56f0000 - 0x00007ff9c5724000 	C:\WINDOWS\system32\rsaenh.dll
0x00007ff9c5840000 - 0x00007ff9c585f000 	C:\WINDOWS\SYSTEM32\USERENV.dll
0x00007ff9c6000000 - 0x00007ff9c600b000 	C:\WINDOWS\SYSTEM32\CRYPTBASE.dll
0x00007ff9bb530000 - 0x00007ff9bb546000 	C:\WINDOWS\SYSTEM32\dhcpcsvc6.DLL
0x00007ff9bb170000 - 0x00007ff9bb18a000 	C:\WINDOWS\SYSTEM32\dhcpcsvc.DLL

VM Arguments:
jvm_args: -agentlib:jdwp=transport=dt_socket,suspend=y,address=localhost:17214 -Dfile.encoding=UTF-8 
java_command: com.zhengsh.api.Application
java_class_path (initial): D:\develop\src\pro_java\xt\api\target\classes;D:\develop\apache-maven-3.3.9\.m2\repository\org\springframework\boot\spring-boot-starter-data-jpa\1.4.0.RELEASE\spring-boot-starter-data-jpa-1.4.0.RELEASE.jar;D:\develop\apache-maven-3.3.9\.m2\repository\org\springframework\boot\spring-boot-starter\1.4.0.RELEASE\spring-boot-starter-1.4.0.RELEASE.jar;D:\develop\apache-maven-3.3.9\.m2\repository\org\springframework\boot\spring-boot\1.4.0.RELEASE\spring-boot-1.4.0.RELEASE.jar;D:\develop\apache-maven-3.3.9\.m2\repository\org\springframework\boot\spring-boot-autoconfigure\1.4.0.RELEASE\spring-boot-autoconfigure-1.4.0.RELEASE.jar;D:\develop\apache-maven-3.3.9\.m2\repository\org\springframework\boot\spring-boot-starter-logging\1.4.0.RELEASE\spring-boot-starter-logging-1.4.0.RELEASE.jar;D:\develop\apache-maven-3.3.9\.m2\repository\ch\qos\logback\logback-classic\1.1.7\logback-classic-1.1.7.jar;D:\develop\apache-maven-3.3.9\.m2\repository\ch\qos\logback\logback-core\1.1.7\logback-core-1.1.7.jar;D:\develop\apache-maven-3.3.9\.m2\repository\org\slf4j\jul-to-slf4j\1.7.21\jul-to-slf4j-1.7.21.jar;D:\develop\apache-maven-3.3.9\.m2\repository\org\slf4j\log4j-over-slf4j\1.7.21\log4j-over-slf4j-1.7.21.jar;D:\develop\apache-maven-3.3.9\.m2\repository\org\yaml\snakeyaml\1.17\snakeyaml-1.17.jar;D:\develop\apache-maven-3.3.9\.m2\repository\org\springframework\boot\spring-boot-starter-aop\1.4.0.RELEASE\spring-boot-starter-aop-1.4.0.RELEASE.jar;D:\develop\apache-maven-3.3.9\.m2\repository\org\springframework\spring-aop\4.3.2.RELEASE\spring-aop-4.3.2.RELEASE.jar;D:\develop\apache-maven-3.3.9\.m2\repository\org\aspectj\aspectjweaver\1.8.9\aspectjweaver-1.8.9.jar;D:\develop\apache-maven-3.3.9\.m2\repository\org\springframework\boot\spring-boot-starter-jdbc\1.4.0.RELEASE\spring-boot-starter-jdbc-1.4.0.RELEASE.jar;D:\develop\apache-maven-3.3.9\.m2\repository\org\apache\tomcat\tomcat-jdbc\8.5.4\tomcat-jdbc-8.5.4.jar;D:\develop\apache-maven-3.3.9\.m2\repository\org\apache\
Launcher Type: SUN_STANDARD

Environment Variables:
JAVA_HOME=D:\Program Files\Java\jdk1.8.0_91
CLASSPATH=.;D:\jacorb\lib\idl.jar;D:\jacorb\lib\jacorb.jar;D:\jacorb\lib\classes;?
PATH=D:\Program Files\Java\jdk1.8.0_91\jre\bin;D:/Program Files/Java/jdk1.8.0_91/bin/../jre/bin/server;D:/Program Files/Java/jdk1.8.0_91/bin/../jre/bin;D:/Program Files/Java/jdk1.8.0_91/bin/../jre/lib/amd64;D:\develop\apache-maven-3.3.9\bin;D:\develop\apache-ant-1.9.7\bin;D:\jacorb\bin;D:\app\Blue\product\11.2.0\client_2\bin;D:\app\Blue\product\11.2.0\client_1\bin;D:\Program Files\Java\jdk1.8.0_91\bin;C:\ProgramData\Oracle\Java\javapath;C:\WINDOWS\system32;C:\WINDOWS;C:\WINDOWS\System32\Wbem;C:\WINDOWS\System32\WindowsPowerShell\v1.0\;D:\Program Files (x86)\VisualSVN\bin;C:\Windows\Microsoft.NET\Framework64\v4.0.30319;C:\Program Files\Microsoft SQL Server\120\Tools\Binn\;C:\Program Files\Microsoft SQL Server\Client SDK\ODBC\110\Tools\Binn\;C:\Program Files (x86)\Microsoft SQL Server\120\Tools\Binn\;C:\Program Files\Microsoft SQL Server\120\DTS\Binn\;C:\Program Files (x86)\Microsoft SQL Server\120\Tools\Binn\ManagementStudio\;C:\Program Files (x86)\Microsoft SQL Server\120\DTS\Binn\;C:\WINDOWS\system32\config\systemprofile\.dnx\bin;C:\Program Files\Microsoft DNX\Dnvm\;C:\Program Files\Microsoft SQL Server\130\Tools\Binn\;D:\Program Files\TortoiseSVN\bin;C:\Program Files\Microsoft\Web Platform Installer\;D:\develop\apache-ant-1.9.7\bin;D:\develop\ide\eclipse;
USERNAME=Blue
OS=Windows_NT
PROCESSOR_IDENTIFIER=Intel64 Family 6 Model 61 Stepping 4, GenuineIntel



---------------  S Y S T E M  ---------------

OS: Windows 10.0 , 64 bit Build 10586 (10.0.10586.0)

CPU:total 4 (2 cores per cpu, 2 threads per core) family 6 model 61 stepping 4, cmov, cx8, fxsr, mmx, sse, sse2, sse3, ssse3, sse4.1, sse4.2, popcnt, avx, avx2, aes, clmul, erms, 3dnowpref, lzcnt, ht, tsc, tscinvbit, bmi1, bmi2, adx

Memory: 4k page, physical 4094380k(81656k free), swap 11225256k(4108k free)

vm_info: Java HotSpot(TM) 64-Bit Server VM (25.91-b15) for windows-amd64 JRE (1.8.0_91-b15), built on May 20 2016 17:43:15 by "java_re" with MS VC++ 10.0 (VS2010)

time: Thu Aug 18 18:21:56 2016
elapsed time: 8 seconds (0d 0h 0m 8s)

